Performing C SOURCE FILE Test CMAKE_HAVE_LIBC_PTHREAD failed with the following output:
Change Dir: /home/mricht11/picInputs/GaussianPuls/GaussianPuls_low_res/.build/CMakeFiles/CMakeTmp

Run Build Command(s):/usr/bin/gmake cmTC_0ebd9/fast && /usr/bin/gmake -f CMakeFiles/cmTC_0ebd9.dir/build.make CMakeFiles/cmTC_0ebd9.dir/build
gmake[1]: Entering directory `/home/mricht11/picInputs/GaussianPuls/GaussianPuls_low_res/.build/CMakeFiles/CMakeTmp'
Building C object CMakeFiles/cmTC_0ebd9.dir/src.c.o
/trinity/shared/pkg/compiler/gcc/7.3.0/bin/gcc   -DCMAKE_HAVE_LIBC_PTHREAD   -o CMakeFiles/cmTC_0ebd9.dir/src.c.o   -c /home/mricht11/picInputs/GaussianPuls/GaussianPuls_low_res/.build/CMakeFiles/CMakeTmp/src.c
Linking C executable cmTC_0ebd9
/trinity/shared/pkg/devel/cmake/3.15.2/bin/cmake -E cmake_link_script CMakeFiles/cmTC_0ebd9.dir/link.txt --verbose=1
/trinity/shared/pkg/compiler/gcc/7.3.0/bin/gcc  -DCMAKE_HAVE_LIBC_PTHREAD    CMakeFiles/cmTC_0ebd9.dir/src.c.o  -o cmTC_0ebd9 
CMakeFiles/cmTC_0ebd9.dir/src.c.o: In function `main':
src.c:(.text+0x2d): undefined reference to `pthread_create'
src.c:(.text+0x39): undefined reference to `pthread_detach'
src.c:(.text+0x4a): undefined reference to `pthread_join'
src.c:(.text+0x5e): undefined reference to `pthread_atfork'
collect2: error: ld returned 1 exit status
gmake[1]: *** [cmTC_0ebd9] Error 1
gmake[1]: Leaving directory `/home/mricht11/picInputs/GaussianPuls/GaussianPuls_low_res/.build/CMakeFiles/CMakeTmp'
gmake: *** [cmTC_0ebd9/fast] Error 2


Source file was:
#include <pthread.h>

void* test_func(void* data)
{
  return data;
}

int main(void)
{
  pthread_t thread;
  pthread_create(&thread, NULL, test_func, NULL);
  pthread_detach(thread);
  pthread_join(thread, NULL);
  pthread_atfork(NULL, NULL, NULL);
  pthread_exit(NULL);

  return 0;
}

Determining if the function pthread_create exists in the pthreads failed with the following output:
Change Dir: /home/mricht11/picInputs/GaussianPuls/GaussianPuls_low_res/.build/CMakeFiles/CMakeTmp

Run Build Command(s):/usr/bin/gmake cmTC_1098e/fast && /usr/bin/gmake -f CMakeFiles/cmTC_1098e.dir/build.make CMakeFiles/cmTC_1098e.dir/build
gmake[1]: Entering directory `/home/mricht11/picInputs/GaussianPuls/GaussianPuls_low_res/.build/CMakeFiles/CMakeTmp'
Building C object CMakeFiles/cmTC_1098e.dir/CheckFunctionExists.c.o
/trinity/shared/pkg/compiler/gcc/7.3.0/bin/gcc   -DCHECK_FUNCTION_EXISTS=pthread_create   -o CMakeFiles/cmTC_1098e.dir/CheckFunctionExists.c.o   -c /trinity/shared/pkg/devel/cmake/3.15.2/share/cmake-3.15/Modules/CheckFunctionExists.c
Linking C executable cmTC_1098e
/trinity/shared/pkg/devel/cmake/3.15.2/bin/cmake -E cmake_link_script CMakeFiles/cmTC_1098e.dir/link.txt --verbose=1
/trinity/shared/pkg/compiler/gcc/7.3.0/bin/gcc  -DCHECK_FUNCTION_EXISTS=pthread_create    CMakeFiles/cmTC_1098e.dir/CheckFunctionExists.c.o  -o cmTC_1098e -lpthreads 
/usr/bin/ld: cannot find -lpthreads
collect2: error: ld returned 1 exit status
gmake[1]: *** [cmTC_1098e] Error 1
gmake[1]: Leaving directory `/home/mricht11/picInputs/GaussianPuls/GaussianPuls_low_res/.build/CMakeFiles/CMakeTmp'
gmake: *** [cmTC_1098e/fast] Error 2



